<?xml version="1.0" encoding="UTF-8"?>
<testng-results skipped="0" failed="1" ignored="0" total="1" passed="0">
  <reporter-output>
  </reporter-output>
  <suite name="Default suite" duration-ms="363522" started-at="2020-09-19T11:57:50Z" finished-at="2020-09-19T12:03:53Z">
    <groups>
      <group name="Sanity">
        <method signature="AmazonLogin.verify_Login(java.lang.String, java.lang.String)[pri:0, instance:com.telstra.amazon.mobile.login.testcase.AmazonLogin@78b729e6]" name="verify_Login" class="com.telstra.amazon.mobile.login.testcase.AmazonLogin"/>
      </group> <!-- Sanity -->
      <group name="Login">
        <method signature="AmazonLogin.verify_Login(java.lang.String, java.lang.String)[pri:0, instance:com.telstra.amazon.mobile.login.testcase.AmazonLogin@78b729e6]" name="verify_Login" class="com.telstra.amazon.mobile.login.testcase.AmazonLogin"/>
      </group> <!-- Login -->
    </groups>
    <test name="Default test" duration-ms="363522" started-at="2020-09-19T11:57:50Z" finished-at="2020-09-19T12:03:53Z">
      <class name="com.telstra.amazon.mobile.login.testcase.AmazonLogin">
        <test-method status="PASS" signature="setUpBeforeSuite()[pri:0, instance:com.telstra.amazon.mobile.login.testcase.AmazonLogin@78b729e6]" name="setUpBeforeSuite" is-config="true" duration-ms="77" started-at="2020-09-19T11:57:50Z" finished-at="2020-09-19T11:57:50Z">
          <reporter-output>
          </reporter-output>
        </test-method> <!-- setUpBeforeSuite -->
        <test-method status="PASS" signature="setUpBeforeTest()[pri:0, instance:com.telstra.amazon.mobile.login.testcase.AmazonLogin@78b729e6]" name="setUpBeforeTest" is-config="true" duration-ms="10601" started-at="2020-09-19T11:57:50Z" finished-at="2020-09-19T11:58:00Z">
          <reporter-output>
          </reporter-output>
        </test-method> <!-- setUpBeforeTest -->
        <test-method status="PASS" signature="setUpBeforeClass()[pri:0, instance:com.telstra.amazon.mobile.login.testcase.AmazonLogin@78b729e6]" name="setUpBeforeClass" is-config="true" duration-ms="5" started-at="2020-09-19T11:58:00Z" finished-at="2020-09-19T11:58:00Z">
          <reporter-output>
          </reporter-output>
        </test-method> <!-- setUpBeforeClass -->
        <test-method status="FAIL" signature="verify_Login(java.lang.String, java.lang.String)[pri:0, instance:com.telstra.amazon.mobile.login.testcase.AmazonLogin@78b729e6]" name="verify_Login" duration-ms="350849" started-at="2020-09-19T11:58:01Z" description="To verify login functionality of application" data-provider="loginData" finished-at="2020-09-19T12:03:52Z">
          <params>
            <param index="0">
              <value>
                <![CDATA[swapnil123.galande@gmail.com]]>
              </value>
            </param>
            <param index="1">
              <value>
                <![CDATA[Baramati@123]]>
              </value>
            </param>
          </params>
          <exception class="java.lang.AssertionError">
            <message>
              <![CDATA[product name is not present on checkout page expected [true] but found [false]]]>
            </message>
            <full-stacktrace>
              <![CDATA[java.lang.AssertionError: product name is not present on checkout page expected [true] but found [false]
at org.testng.Assert.fail(Assert.java:96)
at org.testng.Assert.failNotEquals(Assert.java:776)
at org.testng.Assert.assertTrue(Assert.java:44)
at com.telstra.amazon.mobile.login.testcase.AmazonLogin.verify_Login(AmazonLogin.java:39)
at sun.reflect.NativeMethodAccessorImpl.invoke0(Native Method)
at sun.reflect.NativeMethodAccessorImpl.invoke(NativeMethodAccessorImpl.java:62)
at sun.reflect.DelegatingMethodAccessorImpl.invoke(DelegatingMethodAccessorImpl.java:43)
at java.lang.reflect.Method.invoke(Method.java:498)
at org.testng.internal.MethodInvocationHelper.invokeMethod(MethodInvocationHelper.java:124)
at org.testng.internal.Invoker.invokeMethod(Invoker.java:583)
at org.testng.internal.Invoker.invokeTestMethod(Invoker.java:719)
at org.testng.internal.Invoker.invokeTestMethods(Invoker.java:989)
at org.testng.internal.TestMethodWorker.invokeTestMethods(TestMethodWorker.java:125)
at org.testng.internal.TestMethodWorker.run(TestMethodWorker.java:109)
at org.testng.TestRunner.privateRun(TestRunner.java:648)
at org.testng.TestRunner.run(TestRunner.java:505)
at org.testng.SuiteRunner.runTest(SuiteRunner.java:455)
at org.testng.SuiteRunner.runSequentially(SuiteRunner.java:450)
at org.testng.SuiteRunner.privateRun(SuiteRunner.java:415)
at org.testng.SuiteRunner.run(SuiteRunner.java:364)
at org.testng.SuiteRunnerWorker.runSuite(SuiteRunnerWorker.java:52)
at org.testng.SuiteRunnerWorker.run(SuiteRunnerWorker.java:84)
at org.testng.TestNG.runSuitesSequentially(TestNG.java:1208)
at org.testng.TestNG.runSuitesLocally(TestNG.java:1137)
at org.testng.TestNG.runSuites(TestNG.java:1049)
at org.testng.TestNG.run(TestNG.java:1017)
at org.testng.remote.AbstractRemoteTestNG.run(AbstractRemoteTestNG.java:115)
at org.testng.remote.RemoteTestNG.initAndRun(RemoteTestNG.java:251)
at org.testng.remote.RemoteTestNG.main(RemoteTestNG.java:77)
]]>
            </full-stacktrace>
          </exception> <!-- java.lang.AssertionError -->
          <reporter-output>
          </reporter-output>
        </test-method> <!-- verify_Login -->
        <test-method status="PASS" signature="setUpAfterTest()[pri:0, instance:com.telstra.amazon.mobile.login.testcase.AmazonLogin@78b729e6]" name="setUpAfterTest" is-config="true" duration-ms="444" started-at="2020-09-19T12:03:53Z" finished-at="2020-09-19T12:03:53Z">
          <reporter-output>
          </reporter-output>
        </test-method> <!-- setUpAfterTest -->
      </class> <!-- com.telstra.amazon.mobile.login.testcase.AmazonLogin -->
    </test> <!-- Default test -->
  </suite> <!-- Default suite -->
</testng-results>
